<?xml version="1.0" encoding="UTF-8"?>
<testng-results ignored="0" total="1" passed="1" failed="0" skipped="0">
  <reporter-output>
  </reporter-output>
  <suite started-at="2023-09-24T13:08:19 IST" name="Suite" finished-at="2023-09-24T13:08:37 IST" duration-ms="18296">
    <groups>
    </groups>
    <test started-at="2023-09-24T13:08:19 IST" name="Test" finished-at="2023-09-24T13:08:37 IST" duration-ms="18296">
      <class name="com.Adactin.TestNgAdactin">
        <test-method signature="runtest()[pri:0, instance:com.Adactin.TestNgAdactin@16a0ee18]" started-at="2023-09-24T13:08:19 IST" name="runtest" finished-at="2023-09-24T13:08:37 IST" duration-ms="18245" status="PASS">
          <reporter-output>
          </reporter-output>
        </test-method> <!-- runtest -->
      </class> <!-- com.Adactin.TestNgAdactin -->
    </test> <!-- Test -->
  </suite> <!-- Suite -->
</testng-results>
